<?xml version="1.0" encoding="UTF-8"?>
<!-- Generated by org.testng.reporters.JUnitReportReporter -->
<testsuite hostname="DESKTOP-8U14D70" failures="0" tests="1" name="Run.NewTestproperties" time="0.006" errors="0" timestamp="2020-12-01T21:44:26 EST" skipped="0">
  <testcase classname="Run.NewTestproperties" name="f" time="0.006"/>
  <system-out/>
</testsuite> <!-- Run.NewTestproperties -->
