<?xml version="1.0" encoding="UTF-8"?>
<!-- Generated by org.testng.reporters.JUnitReportReporter -->
<testsuite hostname="DESKTOP-8U14D70" failures="0" tests="2" name="Run.Functions" time="2.307" errors="0" timestamp="2020-12-01T20:09:31 EST" skipped="0">
  <testcase classname="Run.Functions" name="g" time="0.001"/>
  <system-out/>
  <testcase classname="Run.Functions" name="f" time="2.306"/>
  <system-out/>
</testsuite> <!-- Run.Functions -->
