<?xml version="1.0" encoding="UTF-8"?>
<!-- Generated by org.testng.reporters.JUnitReportReporter -->
<testsuite hostname="DESKTOP-8U14D70" failures="0" tests="1" name="Run.PracticeRun1123" time="0.293" errors="0" timestamp="2020-11-23T21:05:24 EST" skipped="0">
  <testcase classname="Run.PracticeRun1123" name="f" time="0.293"/>
  <system-out/>
</testsuite> <!-- Run.PracticeRun1123 -->
